<?xml version="1.0" encoding="UTF-8"?>
<!-- Generated by org.testng.reporters.JUnitXMLReporter -->
<testsuite hostname="fub" ignored="0" name="Default test" tests="3" failures="0" timestamp="09 四月 2018 14:06:58 GMT" time="0.033" errors="0">
  <testcase name="firstTestCase" time="0.009" classname="com.mock.test.NewTest"/>
  <testcase name="runOtherTest1" time="0.002" classname="com.mock.test.NewTest"/>
  <testcase name="runOtherTest2" time="0.002" classname="com.mock.test.NewTest"/>
</testsuite> <!-- Default test -->
